  [1m[36m (170.0ms)[0m  [1mCREATE TABLE "schema_migrations" ("version" varchar NOT NULL) [0m
  [1m[35m (0.5ms)[0m  select sqlite_version(*)
  [1m[36m (141.0ms)[0m  [1mCREATE UNIQUE INDEX "unique_schema_migrations" ON "schema_migrations" ("version")[0m
  [1m[35mActiveRecord::SchemaMigration Load (0.5ms)[0m  SELECT "schema_migrations".* FROM "schema_migrations"
Migrating to CreateTeams (20161101214057)
  [1m[36m (0.0ms)[0m  [1mbegin transaction[0m
  [1m[35m (3.5ms)[0m  CREATE TABLE "teams" ("id" INTEGER PRIMARY KEY AUTOINCREMENT NOT NULL, "name" varchar, "created_at" datetime NOT NULL, "updated_at" datetime NOT NULL) 
  [1m[36mSQL (0.0ms)[0m  [1mINSERT INTO "schema_migrations" ("version") VALUES (?)[0m  [["version", "20161101214057"]]
  [1m[35m (139.0ms)[0m  commit transaction
Migrating to CreateRecruitingClasses (20161101214429)
  [1m[36m (0.0ms)[0m  [1mbegin transaction[0m
  [1m[35m (2.5ms)[0m  CREATE TABLE "recruiting_classes" ("id" INTEGER PRIMARY KEY AUTOINCREMENT NOT NULL, "year" integer, "rank" integer, "team_id" integer, "created_at" datetime NOT NULL, "updated_at" datetime NOT NULL) 
  [1m[36m (0.5ms)[0m  [1mCREATE  INDEX "index_recruiting_classes_on_team_id" ON "recruiting_classes" ("team_id")[0m
  [1m[35mSQL (0.0ms)[0m  INSERT INTO "schema_migrations" ("version") VALUES (?)  [["version", "20161101214429"]]
  [1m[36m (116.5ms)[0m  [1mcommit transaction[0m
Migrating to CreateRecords (20161101214539)
  [1m[35m (0.0ms)[0m  begin transaction
  [1m[36m (4.0ms)[0m  [1mCREATE TABLE "records" ("id" INTEGER PRIMARY KEY AUTOINCREMENT NOT NULL, "year" integer, "record" varchar, "winningpercentage" float, "team_id" integer, "created_at" datetime NOT NULL, "updated_at" datetime NOT NULL) [0m
  [1m[35m (0.5ms)[0m  CREATE  INDEX "index_records_on_team_id" ON "records" ("team_id")
  [1m[36mSQL (0.5ms)[0m  [1mINSERT INTO "schema_migrations" ("version") VALUES (?)[0m  [["version", "20161101214539"]]
  [1m[35m (117.6ms)[0m  commit transaction
  [1m[36mActiveRecord::SchemaMigration Load (0.0ms)[0m  [1mSELECT "schema_migrations".* FROM "schema_migrations"[0m
  [1m[35m (0.5ms)[0m              SELECT sql
            FROM sqlite_master
            WHERE name='index_records_on_team_id' AND type='index'
            UNION ALL
            SELECT sql
            FROM sqlite_temp_master
            WHERE name='index_records_on_team_id' AND type='index'

  [1m[36m (0.5ms)[0m  [1m            SELECT sql
            FROM sqlite_master
            WHERE name='index_recruiting_classes_on_team_id' AND type='index'
            UNION ALL
            SELECT sql
            FROM sqlite_temp_master
            WHERE name='index_recruiting_classes_on_team_id' AND type='index'
[0m
  [1m[36m (142.6ms)[0m  [1mCREATE TABLE "schema_migrations" ("version" varchar NOT NULL) [0m
  [1m[35m (0.0ms)[0m  select sqlite_version(*)
  [1m[36m (143.0ms)[0m  [1mCREATE UNIQUE INDEX "unique_schema_migrations" ON "schema_migrations" ("version")[0m
  [1m[35mActiveRecord::SchemaMigration Load (0.5ms)[0m  SELECT "schema_migrations".* FROM "schema_migrations"
Migrating to CreateTeams (20161101214057)
  [1m[36m (0.0ms)[0m  [1mbegin transaction[0m
  [1m[35m (3.0ms)[0m  CREATE TABLE "teams" ("id" INTEGER PRIMARY KEY AUTOINCREMENT NOT NULL, "name" varchar, "created_at" datetime NOT NULL, "updated_at" datetime NOT NULL) 
  [1m[36mSQL (0.0ms)[0m  [1mINSERT INTO "schema_migrations" ("version") VALUES (?)[0m  [["version", "20161101214057"]]
  [1m[35m (98.6ms)[0m  commit transaction
Migrating to CreateRecruitingClasses (20161101214429)
  [1m[36m (0.5ms)[0m  [1mbegin transaction[0m
  [1m[35m (6.5ms)[0m  CREATE TABLE "recruiting_classes" ("id" INTEGER PRIMARY KEY AUTOINCREMENT NOT NULL, "year" integer, "rank" integer, "team_id" integer, "created_at" datetime NOT NULL, "updated_at" datetime NOT NULL) 
  [1m[36m (0.5ms)[0m  [1mCREATE  INDEX "index_recruiting_classes_on_team_id" ON "recruiting_classes" ("team_id")[0m
  [1m[35mSQL (0.5ms)[0m  INSERT INTO "schema_migrations" ("version") VALUES (?)  [["version", "20161101214429"]]
  [1m[36m (98.4ms)[0m  [1mcommit transaction[0m
Migrating to CreateRecords (20161101214539)
  [1m[35m (0.5ms)[0m  begin transaction
  [1m[36m (6.5ms)[0m  [1mCREATE TABLE "records" ("id" INTEGER PRIMARY KEY AUTOINCREMENT NOT NULL, "year" integer, "result" varchar, "winningpercentage" float, "team_id" integer, "created_at" datetime NOT NULL, "updated_at" datetime NOT NULL) [0m
  [1m[35m (1.0ms)[0m  CREATE  INDEX "index_records_on_team_id" ON "records" ("team_id")
  [1m[36mSQL (1.5ms)[0m  [1mINSERT INTO "schema_migrations" ("version") VALUES (?)[0m  [["version", "20161101214539"]]
  [1m[35m (124.5ms)[0m  commit transaction
  [1m[36mActiveRecord::SchemaMigration Load (1.0ms)[0m  [1mSELECT "schema_migrations".* FROM "schema_migrations"[0m
  [1m[35m (0.5ms)[0m              SELECT sql
            FROM sqlite_master
            WHERE name='index_records_on_team_id' AND type='index'
            UNION ALL
            SELECT sql
            FROM sqlite_temp_master
            WHERE name='index_records_on_team_id' AND type='index'

  [1m[36m (0.5ms)[0m  [1m            SELECT sql
            FROM sqlite_master
            WHERE name='index_recruiting_classes_on_team_id' AND type='index'
            UNION ALL
            SELECT sql
            FROM sqlite_temp_master
            WHERE name='index_recruiting_classes_on_team_id' AND type='index'
[0m
  [1m[36m (0.0ms)[0m  [1mbegin transaction[0m
  [1m[35mSQL (1.0ms)[0m  INSERT INTO "records" ("created_at", "updated_at") VALUES (?, ?)  [["created_at", "2016-11-01 21:53:01.262959"], ["updated_at", "2016-11-01 21:53:01.262959"]]
  [1m[36m (158.8ms)[0m  [1mcommit transaction[0m
  [1m[35m (0.0ms)[0m  begin transaction
  [1m[36mSQL (1.5ms)[0m  [1mINSERT INTO "teams" ("created_at", "updated_at") VALUES (?, ?)[0m  [["created_at", "2016-11-01 21:53:07.010280"], ["updated_at", "2016-11-01 21:53:07.010280"]]
  [1m[35m (137.5ms)[0m  commit transaction
  [1m[36m (0.5ms)[0m  [1mbegin transaction[0m
  [1m[35mSQL (1.5ms)[0m  INSERT INTO "recruiting_classes" ("created_at", "updated_at") VALUES (?, ?)  [["created_at", "2016-11-01 21:53:17.891878"], ["updated_at", "2016-11-01 21:53:17.891878"]]
  [1m[36m (138.2ms)[0m  [1mcommit transaction[0m
  [1m[36mTeam Load (0.0ms)[0m  [1mSELECT  "teams".* FROM "teams"  ORDER BY "teams"."id" ASC LIMIT 1[0m
  [1m[35mRecord Load (0.5ms)[0m  SELECT "records".* FROM "records" WHERE "records"."team_id" = ?  [["team_id", 1]]
  [1m[36mTeam Load (0.0ms)[0m  [1mSELECT  "teams".* FROM "teams"  ORDER BY "teams"."id" ASC LIMIT 1[0m
  [1m[35mRecruitingClass Load (0.5ms)[0m  SELECT "recruiting_classes".* FROM "recruiting_classes" WHERE "recruiting_classes"."team_id" = ?  [["team_id", 1]]
